<?xml version="1.0" encoding="UTF-8"?>
<testng-results skipped="0" failed="0" ignored="2" total="9" passed="7">
  <reporter-output>
  </reporter-output>
  <suite name="Suite" duration-ms="38" started-at="2021-07-28T16:38:16Z" finished-at="2021-07-28T16:38:16Z">
    <groups>
      <group name="smoke">
        <method signature="A.testA1()[pri:0, instance:org.grouping.A@39c0f4a]" name="testA1" class="org.grouping.A"/>
        <method signature="A.testA3()[pri:0, instance:org.grouping.A@39c0f4a]" name="testA3" class="org.grouping.A"/>
        <method signature="A.testA6()[pri:0, instance:org.grouping.A@39c0f4a]" name="testA6" class="org.grouping.A"/>
        <method signature="A.testA7()[pri:0, instance:org.grouping.A@39c0f4a]" name="testA7" class="org.grouping.A"/>
      </group> <!-- smoke -->
      <group name="sanity">
        <method signature="A.testA2()[pri:0, instance:org.grouping.A@39c0f4a]" name="testA2" class="org.grouping.A"/>
        <method signature="A.testA5()[pri:0, instance:org.grouping.A@39c0f4a]" name="testA5" class="org.grouping.A"/>
        <method signature="A.testA9()[pri:0, instance:org.grouping.A@39c0f4a]" name="testA9" class="org.grouping.A"/>
      </group> <!-- sanity -->
    </groups>
    <test name="Test" duration-ms="38" started-at="2021-07-28T16:38:16Z" finished-at="2021-07-28T16:38:16Z">
      <class name="org.grouping.A">
        <test-method status="PASS" signature="testA1()[pri:0, instance:org.grouping.A@39c0f4a]" name="testA1" duration-ms="8" started-at="2021-07-28T16:38:16Z" finished-at="2021-07-28T16:38:16Z">
          <reporter-output>
          </reporter-output>
        </test-method> <!-- testA1 -->
        <test-method status="PASS" signature="testA2()[pri:0, instance:org.grouping.A@39c0f4a]" name="testA2" duration-ms="2" started-at="2021-07-28T16:38:16Z" finished-at="2021-07-28T16:38:16Z">
          <reporter-output>
          </reporter-output>
        </test-method> <!-- testA2 -->
        <test-method status="PASS" signature="testA3()[pri:0, instance:org.grouping.A@39c0f4a]" name="testA3" duration-ms="2" started-at="2021-07-28T16:38:16Z" finished-at="2021-07-28T16:38:16Z">
          <reporter-output>
          </reporter-output>
        </test-method> <!-- testA3 -->
        <test-method status="PASS" signature="testA5()[pri:0, instance:org.grouping.A@39c0f4a]" name="testA5" duration-ms="1" started-at="2021-07-28T16:38:16Z" finished-at="2021-07-28T16:38:16Z">
          <reporter-output>
          </reporter-output>
        </test-method> <!-- testA5 -->
        <test-method status="PASS" signature="testA6()[pri:0, instance:org.grouping.A@39c0f4a]" name="testA6" duration-ms="1" started-at="2021-07-28T16:38:16Z" finished-at="2021-07-28T16:38:16Z">
          <reporter-output>
          </reporter-output>
        </test-method> <!-- testA6 -->
        <test-method status="PASS" signature="testA7()[pri:0, instance:org.grouping.A@39c0f4a]" name="testA7" duration-ms="1" started-at="2021-07-28T16:38:16Z" finished-at="2021-07-28T16:38:16Z">
          <reporter-output>
          </reporter-output>
        </test-method> <!-- testA7 -->
        <test-method status="PASS" signature="testA9()[pri:0, instance:org.grouping.A@39c0f4a]" name="testA9" duration-ms="1" started-at="2021-07-28T16:38:16Z" finished-at="2021-07-28T16:38:16Z">
          <reporter-output>
          </reporter-output>
        </test-method> <!-- testA9 -->
      </class> <!-- org.grouping.A -->
    </test> <!-- Test -->
  </suite> <!-- Suite -->
</testng-results>
